<?xml version="1.0" encoding="UTF-8"?>
<!-- Generated by org.testng.reporters.JUnitReportReporter -->
<testsuite hostname="Kunal" failures="0" tests="8" name="testCases.TC003_LoginDDT" time="84.151" errors="0" timestamp="2026-02-07T00:37:16 IST" skipped="0">
  <testcase classname="testCases.TC003_LoginDDT" name="verify_loginDDT" time="5.691"/>
  <testcase classname="testCases.TC003_LoginDDT" name="verify_loginDDT" time="6.306"/>
  <testcase classname="testCases.TC003_LoginDDT" name="verify_loginDDT" time="15.003"/>
  <testcase classname="testCases.TC003_LoginDDT" name="verify_loginDDT" time="14.844"/>
  <testcase classname="testCases.TC003_LoginDDT" name="verify_loginDDT" time="14.946"/>
  <testcase classname="testCases.TC003_LoginDDT" name="verify_loginDDT" time="6.299"/>
  <testcase classname="testCases.TC003_LoginDDT" name="verify_loginDDT" time="14.992"/>
  <testcase classname="testCases.TC003_LoginDDT" name="verify_loginDDT" time="6.070"/>
</testsuite> <!-- testCases.TC003_LoginDDT -->
